{
  "stats": {
    "suites": 1,
    "tests": 1,
    "passes": 1,
    "pending": 0,
    "failures": 0,
    "start": "2023-02-16T17:53:29.399Z",
    "end": "2023-02-16T17:53:52.242Z",
    "duration": 22843,
    "testsRegistered": 1,
    "passPercent": 100,
    "pendingPercent": 0,
    "other": 0,
    "hasOther": false,
    "skipped": 0,
    "hasSkipped": false
  },
  "results": [
    {
      "uuid": "54ccf14c-f93a-4337-8f0a-d311ca844362",
      "title": "",
      "fullFile": "cypress\\e2e\\rescue\\newpet.spec.cy.ts",
      "file": "cypress\\e2e\\rescue\\newpet.spec.cy.ts",
      "beforeHooks": [],
      "afterHooks": [],
      "tests": [],
      "suites": [
        {
          "uuid": "c60ec973-c6ad-4e92-8683-e79dc8d40a97",
          "title": "new pet",
          "fullFile": "",
          "file": "",
          "beforeHooks": [],
          "afterHooks": [],
          "tests": [
            {
              "title": "should test all adoption process",
              "fullTitle": "new pet should test all adoption process",
              "timedOut": null,
              "duration": 20701,
              "state": "passed",
              "speed": "slow",
              "pass": true,
              "fail": false,
              "pending": false,
              "context": null,
              "code": "cy.clearCookies();\ncy.viewport(1920, 961);\ncy.visit(_support_helpers__WEBPACK_IMPORTED_MODULE_0__[\"routes\"].rescueUrl);\n//expect(cy.findByTestId('pets.notification.created'))\ncy.logInRescue();\nconst petName = `cypress ${Math.random()}`;\ncy.createAPet({ name: petName });\n/*cy.fingPublicPetUrl({ name: petName })\ncy.wait(3000)\ncy.url().then((urlString) => {\n  const uuid = urlString.split('/').pop()\n  cy.visit(routes.adopterUrl + 'login')\n  cy.logInAdopter()\n  const pet_uuid = 'pet/' + uuid\n  cy.applyToPet({ pet_uuid })\n})\ncy.wait(4000)\ncy.approveApplication({ name: petName })\ncy.wait(15000)\ncy.url().then((urlString) => {\n  const application_uuid = urlString.split('/').pop()\n  cy.payThePet({ application_uuid: application_uuid })\n})*/\n/*\n */",
              "err": {},
              "uuid": "20f9ce7f-aec5-46bb-bb85-95bb6cfe7fd8",
              "parentUUID": "c60ec973-c6ad-4e92-8683-e79dc8d40a97",
              "isHook": false,
              "skipped": false
            }
          ],
          "suites": [],
          "passes": [
            "20f9ce7f-aec5-46bb-bb85-95bb6cfe7fd8"
          ],
          "failures": [],
          "pending": [],
          "skipped": [],
          "duration": 20701,
          "root": false,
          "rootEmpty": false,
          "_timeout": 2000
        }
      ],
      "passes": [],
      "failures": [],
      "pending": [],
      "skipped": [],
      "duration": 0,
      "root": true,
      "rootEmpty": true,
      "_timeout": 2000
    }
  ],
  "meta": {
    "mocha": {
      "version": "7.0.1"
    },
    "mochawesome": {
      "options": {
        "quiet": true,
        "reportFilename": "mochawesome",
        "saveHtml": true,
        "saveJson": true,
        "consoleReporter": "spec",
        "useInlineDiffs": false,
        "code": true
      },
      "version": "7.1.3"
    },
    "marge": {
      "options": {
        "id": "default",
        "reportDir": "cypress/reports/mocha",
        "quiet": true,
        "overwrite": false,
        "html": true,
        "json": true
      },
      "version": "6.2.0"
    }
  }
}