{
  "stats": {
    "suites": 1,
    "tests": 1,
    "passes": 0,
    "pending": 0,
    "failures": 1,
    "start": "2022-11-22T18:47:15.287Z",
    "end": "2022-11-22T18:48:41.031Z",
    "duration": 85744,
    "testsRegistered": 1,
    "passPercent": 0,
    "pendingPercent": 0,
    "other": 0,
    "hasOther": false,
    "skipped": 0,
    "hasSkipped": false
  },
  "results": [
    {
      "uuid": "9d549f05-6eb3-48f4-926c-0ccb246f9a43",
      "title": "",
      "fullFile": "cypress\\e2e\\adopter\\default.cy.ts",
      "file": "cypress\\e2e\\adopter\\default.cy.ts",
      "beforeHooks": [],
      "afterHooks": [],
      "tests": [],
      "suites": [
        {
          "uuid": "e539f57d-840b-4a9a-950b-78a609560499",
          "title": "Adopt a pet",
          "fullFile": "",
          "file": "",
          "beforeHooks": [],
          "afterHooks": [],
          "tests": [
            {
              "title": "should create a pet",
              "fullTitle": "Adopt a pet should create a pet",
              "timedOut": null,
              "duration": 83766,
              "state": "failed",
              "speed": null,
              "pass": false,
              "fail": true,
              "pending": false,
              "context": null,
              "code": "cy.viewport(1920, 961);\ncy.visit(_support_helpers__WEBPACK_IMPORTED_MODULE_0__[\"routes\"].adopterUrl + 'login');\ncy.logInAdopter();\nconst pet_uuid = 'pet/070171d5-0ce1-4b02-920d-cdc799272aed';\ncy.applyToPet({ pet_uuid });",
              "err": {
                "message": "AssertionError: Timed out retrying after 30000ms: Unable to find an element by: [data-cy=\"pets.notification.created\"]\n\nIgnored nodes: comments, script, style\n<html\n  lang=\"en\"\n>\n  <head>\n     \n    \n    \n    <meta\n      charset=\"utf-8\"\n    />\n    \n    \n    <meta\n      content=\"width=device-width, initial-scale=1, shrink-to-fit=no, user-scalable=no, maximum-scale=1.0\"\n      name=\"viewport\"\n    />\n    \n    \n    <meta\n      content=\"#000000\"\n      name=\"theme-color\"\n    />\n    \n    \n    \n    \n    <link\n      href=\"/manifest.json\"\n      rel=\"manifest\"\n    />\n    \n    \n    <link\n      href=\"/favicon.ico\"\n      rel=\"shortcut icon\"\n    />\n    \n    \n    <link\n      href=\"https://fonts.googleapis.com/css?family=Roboto:300,400,500,700\"\n      type=\"text/css\"\n    />\n    \n    \n    <link\n      href=\"https://fonts.googleapis.com/css2?family=Homemade+Apple&display=swap\"\n      rel=\"stylesheet\"\n    />\n    \n    \n    \n\n    \n    \n\n    \n    \n    \n    \n    \n    \n\n    \n    \n\n    \n    \n    \n    \n    \n    <title>\n      Adopets\n    </title>\n    \n  \n  </head>\n  \n  \n  <body\n    class=\"themeLight menuShadow borderLess\"\n  >\n    \n    \n    <noscript>\n      \n      You need to enable JavaScript to run this app.\n    \n    </noscript>\n    \n    \n    <div\n      id=\"root\"\n    >\n      <div\n        class=\"sc-bdVaJa MkpTs\"\n        id=\"adopets-root\"\n      >\n        \n        \n        <div\n          class=\"sc-bdVaJa MkpTs\"\n        >\n          <section\n            class=\"ant-layout\"\n          >\n            <div />\n            <header\n              class=\"ant-layout-header\"\n              id=\"MainHeader__\"\n            >\n              <div\n                class=\"header\"\n              >\n                <div\n                  class=\"container\"\n                >\n                  <div\n                    class=\"partners-logo\"\n                  >\n                    <div\n                      class=\"__PictureFrame avatar-circle\"\n                    >\n                      <svg\n                        aria-hidden=\"true\"\n                        class=\"svg-inline--fa fa-user-circle fa-2x \"\n                        color=\"#E52E6B\"\n                        data-icon=\"user-circle\"\n                        data-prefix=\"fas\"\n                        focusable=\"false\"\n                        role=\"img\"\n                        viewBox=\"0 0 496 512\"\n                        xmlns=\"http://www.w3.org/2000/svg\"\n                      >\n                        <path\n                          d=\"M248 8C111 8 0 119 0 256s111 248 248 248 248-111 248-248S385 8 248 8zm0 96c48.6 0 88 39.4 88 88s-39.4 88-88 88-88-39.4-88-88 39.4-88 88-88zm0 344c-58.7 0-111.3-26.6-146.5-68.2 18.8-35.4 55.6-59.8 98.5-59.8 2.4 0 4.8.4 7.1 1.1 13 4.2 26.6 6.9 40.9 6.9 14.3 0 28-2.7 40.9-6.9 2.3-.7 4.7-1.1 7.1-1.1 42.9 0 79.7 24.4 98.5 59.8C359.3 421.4 306.7 448 248 448z\"\n                          fill=\"currentColor\"\n                        />\n                      </svg>\n                    </div>\n                    <div\n                      class=\"separator\"\n                    />\n                    <img\n                      class=\"logo\"\n                      src=\"/static/media/powered-by-logo.cf538eec.svg\"\n                      style=\"width: 75px; height: 30px;\"\n                    />\n                  </div>\n                  <div\n                    class=\"sc-bdVaJa iVGYFq\"\n                    style=\"flex-grow: 1;\"\n                  />\n                  <div\n                    id=\"UserActions__\"\n                  >\n                    <div\n                      class=\"buttons-container\"\n                    >\n                      <a\n                        href=\"https://help.adopets.com/en/\"\n                        target=\"_blank\"\n                      >\n                        <button\n                          class=\"intercom-trigger\"\n                        >\n                          <span>\n                            <span\n                              data-cy=\"useractions.help\"\n                            >\n                              Help\n                              <span />\n                            </span>\n                          </span>\n                        </button>\n                      </a>\n                      <div\n                        class=\"__UserAvatarDropdown\"\n                      >\n                        <div\n                          class=\"ant-dropdown-link avatar-block ant-dropdown-trigger\"\n                        >\n                          <div\n                            class=\"__PictureFrame avatar-circle\"\n                          >\n                            <svg\n                              aria-hidden=\"true\"\n                              class=\"svg-inline--fa fa-user-circle fa-2x \"\n                              color=\"#E52E6B\"\n                              data-icon=\"user-circle\"\n                              data-prefix=\"fas\"\n                              focusable=\"false\"\n                              role=\"img\"\n                              viewBox=\"0 0 496 512\"\n                              xmlns=\"http://www.w3.org/2000/svg\"\n                            >\n                              <path\n                                d=\"M248 8C111 8 0 119 0 256s111 248 248 248 248-111 248-248S385 8 248 8zm0 96c48.6 0 88 39.4 88 88s-39.4 88-88 88-88-39.4-88-88 39.4-88 88-88zm0 344c-58.7 0-111.3-26.6-146.5-68.2 18.8-35.4 55.6-59.8 98.5-59.8 2.4 0 4.8.4 7.1 1.1 13 4.2 26.6 6.9 40.9 6.9 14.3 0 28-2.7 40.9-6.9 2.3-.7 4.7-1.1 7.1-1.1 42.9 0 79.7 24.4 98.5 59.8C359.3 421.4 306.7 448 248 448z\"\n                                fill=\"currentColor\"\n                              />\n                            </svg>\n                          </div>\n                          <span\n                            class=\"user-name\"\n                          >\n                            lucas\n                          </span>\n                          <span\n                            style=\"color: rgb(229, 46, 107); font-size: 20px;\"\n                          >\n                            <svg\n                              aria-hidden=\"true\"\n                              class=\"svg-inline--fa fa-angle-down \"\n                              data-icon=\"angle-down\"\n                              data-prefix=\"fas\"\n                              focusable=\"false\"\n                              role=\"img\"\n                              viewBox=\"0 0 320 512\"\n                              xmlns=\"http://www.w3.org/2000/svg\"\n                            >\n                              <path\n                                d=\"M143 352.3L7 216.3c-9.4-9.4-9.4-24.6 0-33.9l22.6-22.6c9.4-9.4 24.6-9.4 33.9 0l96.4 96.4 96.4-96.4c9.4-9.4 24.6-9.4 33.9 0l22.6 22.6c9.4 9.4 9.4 24.6 0 33.9l-136 136c-9.2 9.4-24.4 9.4-33.8 0z\"\n                                fill=\"currentColor\"\n                              />\n                            </svg>\n                          </span>\n                        </div>\n                      </div>\n                    </div>\n                  </div>\n                </div>\n              </div>\n            </header>\n            <main\n              class=\"ant-layout-content\"\n              sty...",
                "estack": "AssertionError: Timed out retrying after 30000ms: Unable to find an element by: [data-cy=\"pets.notification.created\"]\n\nIgnored nodes: comments, script, style\n<html\n  lang=\"en\"\n>\n  <head>\n     \n    \n    \n    <meta\n      charset=\"utf-8\"\n    />\n    \n    \n    <meta\n      content=\"width=device-width, initial-scale=1, shrink-to-fit=no, user-scalable=no, maximum-scale=1.0\"\n      name=\"viewport\"\n    />\n    \n    \n    <meta\n      content=\"#000000\"\n      name=\"theme-color\"\n    />\n    \n    \n    \n    \n    <link\n      href=\"/manifest.json\"\n      rel=\"manifest\"\n    />\n    \n    \n    <link\n      href=\"/favicon.ico\"\n      rel=\"shortcut icon\"\n    />\n    \n    \n    <link\n      href=\"https://fonts.googleapis.com/css?family=Roboto:300,400,500,700\"\n      type=\"text/css\"\n    />\n    \n    \n    <link\n      href=\"https://fonts.googleapis.com/css2?family=Homemade+Apple&display=swap\"\n      rel=\"stylesheet\"\n    />\n    \n    \n    \n\n    \n    \n\n    \n    \n    \n    \n    \n    \n\n    \n    \n\n    \n    \n    \n    \n    \n    <title>\n      Adopets\n    </title>\n    \n  \n  </head>\n  \n  \n  <body\n    class=\"themeLight menuShadow borderLess\"\n  >\n    \n    \n    <noscript>\n      \n      You need to enable JavaScript to run this app.\n    \n    </noscript>\n    \n    \n    <div\n      id=\"root\"\n    >\n      <div\n        class=\"sc-bdVaJa MkpTs\"\n        id=\"adopets-root\"\n      >\n        \n        \n        <div\n          class=\"sc-bdVaJa MkpTs\"\n        >\n          <section\n            class=\"ant-layout\"\n          >\n            <div />\n            <header\n              class=\"ant-layout-header\"\n              id=\"MainHeader__\"\n            >\n              <div\n                class=\"header\"\n              >\n                <div\n                  class=\"container\"\n                >\n                  <div\n                    class=\"partners-logo\"\n                  >\n                    <div\n                      class=\"__PictureFrame avatar-circle\"\n                    >\n                      <svg\n                        aria-hidden=\"true\"\n                        class=\"svg-inline--fa fa-user-circle fa-2x \"\n                        color=\"#E52E6B\"\n                        data-icon=\"user-circle\"\n                        data-prefix=\"fas\"\n                        focusable=\"false\"\n                        role=\"img\"\n                        viewBox=\"0 0 496 512\"\n                        xmlns=\"http://www.w3.org/2000/svg\"\n                      >\n                        <path\n                          d=\"M248 8C111 8 0 119 0 256s111 248 248 248 248-111 248-248S385 8 248 8zm0 96c48.6 0 88 39.4 88 88s-39.4 88-88 88-88-39.4-88-88 39.4-88 88-88zm0 344c-58.7 0-111.3-26.6-146.5-68.2 18.8-35.4 55.6-59.8 98.5-59.8 2.4 0 4.8.4 7.1 1.1 13 4.2 26.6 6.9 40.9 6.9 14.3 0 28-2.7 40.9-6.9 2.3-.7 4.7-1.1 7.1-1.1 42.9 0 79.7 24.4 98.5 59.8C359.3 421.4 306.7 448 248 448z\"\n                          fill=\"currentColor\"\n                        />\n                      </svg>\n                    </div>\n                    <div\n                      class=\"separator\"\n                    />\n                    <img\n                      class=\"logo\"\n                      src=\"/static/media/powered-by-logo.cf538eec.svg\"\n                      style=\"width: 75px; height: 30px;\"\n                    />\n                  </div>\n                  <div\n                    class=\"sc-bdVaJa iVGYFq\"\n                    style=\"flex-grow: 1;\"\n                  />\n                  <div\n                    id=\"UserActions__\"\n                  >\n                    <div\n                      class=\"buttons-container\"\n                    >\n                      <a\n                        href=\"https://help.adopets.com/en/\"\n                        target=\"_blank\"\n                      >\n                        <button\n                          class=\"intercom-trigger\"\n                        >\n                          <span>\n                            <span\n                              data-cy=\"useractions.help\"\n                            >\n                              Help\n                              <span />\n                            </span>\n                          </span>\n                        </button>\n                      </a>\n                      <div\n                        class=\"__UserAvatarDropdown\"\n                      >\n                        <div\n                          class=\"ant-dropdown-link avatar-block ant-dropdown-trigger\"\n                        >\n                          <div\n                            class=\"__PictureFrame avatar-circle\"\n                          >\n                            <svg\n                              aria-hidden=\"true\"\n                              class=\"svg-inline--fa fa-user-circle fa-2x \"\n                              color=\"#E52E6B\"\n                              data-icon=\"user-circle\"\n                              data-prefix=\"fas\"\n                              focusable=\"false\"\n                              role=\"img\"\n                              viewBox=\"0 0 496 512\"\n                              xmlns=\"http://www.w3.org/2000/svg\"\n                            >\n                              <path\n                                d=\"M248 8C111 8 0 119 0 256s111 248 248 248 248-111 248-248S385 8 248 8zm0 96c48.6 0 88 39.4 88 88s-39.4 88-88 88-88-39.4-88-88 39.4-88 88-88zm0 344c-58.7 0-111.3-26.6-146.5-68.2 18.8-35.4 55.6-59.8 98.5-59.8 2.4 0 4.8.4 7.1 1.1 13 4.2 26.6 6.9 40.9 6.9 14.3 0 28-2.7 40.9-6.9 2.3-.7 4.7-1.1 7.1-1.1 42.9 0 79.7 24.4 98.5 59.8C359.3 421.4 306.7 448 248 448z\"\n                                fill=\"currentColor\"\n                              />\n                            </svg>\n                          </div>\n                          <span\n                            class=\"user-name\"\n                          >\n                            lucas\n                          </span>\n                          <span\n                            style=\"color: rgb(229, 46, 107); font-size: 20px;\"\n                          >\n                            <svg\n                              aria-hidden=\"true\"\n                              class=\"svg-inline--fa fa-angle-down \"\n                              data-icon=\"angle-down\"\n                              data-prefix=\"fas\"\n                              focusable=\"false\"\n                              role=\"img\"\n                              viewBox=\"0 0 320 512\"\n                              xmlns=\"http://www.w3.org/2000/svg\"\n                            >\n                              <path\n                                d=\"M143 352.3L7 216.3c-9.4-9.4-9.4-24.6 0-33.9l22.6-22.6c9.4-9.4 24.6-9.4 33.9 0l96.4 96.4 96.4-96.4c9.4-9.4 24.6-9.4 33.9 0l22.6 22.6c9.4 9.4 9.4 24.6 0 33.9l-136 136c-9.2 9.4-24.4 9.4-33.8 0z\"\n                                fill=\"currentColor\"\n                              />\n                            </svg>\n                          </span>\n                        </div>\n                      </div>\n                    </div>\n                  </div>\n                </div>\n              </div>\n            </header>\n            <main\n              class=\"ant-layout-content\"\n              sty...\n    at Context.applyToPet (webpack:///./cypress/support/e2e/adopter/commands.ts:18:14)",
                "diff": null
              },
              "uuid": "468cd777-1acb-465a-adfd-d7a8bdace796",
              "parentUUID": "e539f57d-840b-4a9a-950b-78a609560499",
              "isHook": false,
              "skipped": false
            }
          ],
          "suites": [],
          "passes": [],
          "failures": [
            "468cd777-1acb-465a-adfd-d7a8bdace796"
          ],
          "pending": [],
          "skipped": [],
          "duration": 83766,
          "root": false,
          "rootEmpty": false,
          "_timeout": 2000
        }
      ],
      "passes": [],
      "failures": [],
      "pending": [],
      "skipped": [],
      "duration": 0,
      "root": true,
      "rootEmpty": true,
      "_timeout": 2000
    }
  ],
  "meta": {
    "mocha": {
      "version": "7.0.1"
    },
    "mochawesome": {
      "options": {
        "quiet": true,
        "reportFilename": "mochawesome",
        "saveHtml": true,
        "saveJson": true,
        "consoleReporter": "spec",
        "useInlineDiffs": false,
        "code": true
      },
      "version": "7.1.3"
    },
    "marge": {
      "options": {
        "id": "default",
        "reportDir": "cypress/reports/mocha",
        "quiet": true,
        "overwrite": false,
        "html": true,
        "json": true
      },
      "version": "6.2.0"
    }
  }
}