{
  "stats": {
    "suites": 1,
    "tests": 1,
    "passes": 1,
    "pending": 0,
    "failures": 0,
    "start": "2023-02-16T17:47:29.426Z",
    "end": "2023-02-16T17:47:53.071Z",
    "duration": 23645,
    "testsRegistered": 1,
    "passPercent": 100,
    "pendingPercent": 0,
    "other": 0,
    "hasOther": false,
    "skipped": 0,
    "hasSkipped": false
  },
  "results": [
    {
      "uuid": "41665d0a-f826-422b-b838-803692c7cf1b",
      "title": "",
      "fullFile": "cypress\\e2e\\rescue\\newpet.spec.cy.ts",
      "file": "cypress\\e2e\\rescue\\newpet.spec.cy.ts",
      "beforeHooks": [],
      "afterHooks": [],
      "tests": [],
      "suites": [
        {
          "uuid": "24d7f25a-2641-44e3-9d61-b9147b769992",
          "title": "new pet",
          "fullFile": "",
          "file": "",
          "beforeHooks": [],
          "afterHooks": [],
          "tests": [
            {
              "title": "should test all adoption process",
              "fullTitle": "new pet should test all adoption process",
              "timedOut": null,
              "duration": 21259,
              "state": "passed",
              "speed": "slow",
              "pass": true,
              "fail": false,
              "pending": false,
              "context": null,
              "code": "cy.clearCookies();\ncy.viewport(1920, 961);\ncy.visit(_support_helpers__WEBPACK_IMPORTED_MODULE_0__[\"routes\"].rescueUrl);\n//expect(cy.findByTestId('pets.notification.created'))\ncy.logInRescue();\nconst petName = `cypress ${Math.random()}`;\ncy.createAPet({ name: petName });\n/*cy.fingPublicPetUrl({ name: petName })\ncy.wait(3000)\ncy.url().then((urlString) => {\n  const uuid = urlString.split('/').pop()\n  cy.visit(routes.adopterUrl + 'login')\n  cy.logInAdopter()\n  const pet_uuid = 'pet/' + uuid\n  cy.applyToPet({ pet_uuid })\n})\ncy.wait(4000)\ncy.approveApplication({ name: petName })\ncy.wait(15000)\ncy.url().then((urlString) => {\n  const application_uuid = urlString.split('/').pop()\n  cy.payThePet({ application_uuid: application_uuid })\n})*/\n/*\n */",
              "err": {},
              "uuid": "d30e2126-82cc-4ab9-9b37-12aa0cf0b6fb",
              "parentUUID": "24d7f25a-2641-44e3-9d61-b9147b769992",
              "isHook": false,
              "skipped": false
            }
          ],
          "suites": [],
          "passes": [
            "d30e2126-82cc-4ab9-9b37-12aa0cf0b6fb"
          ],
          "failures": [],
          "pending": [],
          "skipped": [],
          "duration": 21259,
          "root": false,
          "rootEmpty": false,
          "_timeout": 2000
        }
      ],
      "passes": [],
      "failures": [],
      "pending": [],
      "skipped": [],
      "duration": 0,
      "root": true,
      "rootEmpty": true,
      "_timeout": 2000
    }
  ],
  "meta": {
    "mocha": {
      "version": "7.0.1"
    },
    "mochawesome": {
      "options": {
        "quiet": true,
        "reportFilename": "mochawesome",
        "saveHtml": true,
        "saveJson": true,
        "consoleReporter": "spec",
        "useInlineDiffs": false,
        "code": true
      },
      "version": "7.1.3"
    },
    "marge": {
      "options": {
        "id": "default",
        "reportDir": "cypress/reports/mocha",
        "quiet": true,
        "overwrite": false,
        "html": true,
        "json": true
      },
      "version": "6.2.0"
    }
  }
}