{
  "stats": {
    "suites": 1,
    "tests": 1,
    "passes": 1,
    "pending": 0,
    "failures": 0,
    "start": "2023-02-16T18:44:53.841Z",
    "end": "2023-02-16T18:45:33.013Z",
    "duration": 39172,
    "testsRegistered": 1,
    "passPercent": 100,
    "pendingPercent": 0,
    "other": 0,
    "hasOther": false,
    "skipped": 0,
    "hasSkipped": false
  },
  "results": [
    {
      "uuid": "338b4a3d-3b29-45e8-b732-32eaefe21dd8",
      "title": "",
      "fullFile": "cypress/e2e/rescue/newpet.spec.cy.ts",
      "file": "cypress/e2e/rescue/newpet.spec.cy.ts",
      "beforeHooks": [],
      "afterHooks": [],
      "tests": [],
      "suites": [
        {
          "uuid": "578f7901-00a7-4e50-9404-1ebe62f8e08d",
          "title": "Rescue: Add new pet",
          "fullFile": "",
          "file": "",
          "beforeHooks": [],
          "afterHooks": [],
          "tests": [
            {
              "title": "create a new pet",
              "fullTitle": "Rescue: Add new pet create a new pet",
              "timedOut": null,
              "duration": 35120,
              "state": "passed",
              "speed": "slow",
              "pass": true,
              "fail": false,
              "pending": false,
              "context": null,
              "code": "cy.clearCookies();\ncy.viewport(1920, 961);\ncy.visit(_support_helpers__WEBPACK_IMPORTED_MODULE_0__[\"routes\"].rescueUrl);\n//expect(cy.findByTestId('pets.notification.created'))\ncy.logInRescue();\nconst petName = `cypress ${Math.random()}`;\ncy.createAPet({ name: petName });\n/*cy.fingPublicPetUrl({ name: petName })\ncy.wait(3000)\ncy.url().then((urlString) => {\n  const uuid = urlString.split('/').pop()\n  cy.visit(routes.adopterUrl + 'login')\n  cy.logInAdopter()\n  const pet_uuid = 'pet/' + uuid\n  cy.applyToPet({ pet_uuid })\n})\ncy.wait(4000)\ncy.approveApplication({ name: petName })\ncy.wait(15000)\ncy.url().then((urlString) => {\n  const application_uuid = urlString.split('/').pop()\n  cy.payThePet({ application_uuid: application_uuid })\n})*/\n/*\n */",
              "err": {},
              "uuid": "0573f7f0-e2f0-4e6e-95cf-e3aac6cf1b28",
              "parentUUID": "578f7901-00a7-4e50-9404-1ebe62f8e08d",
              "isHook": false,
              "skipped": false
            }
          ],
          "suites": [],
          "passes": [
            "0573f7f0-e2f0-4e6e-95cf-e3aac6cf1b28"
          ],
          "failures": [],
          "pending": [],
          "skipped": [],
          "duration": 35120,
          "root": false,
          "rootEmpty": false,
          "_timeout": 2000
        }
      ],
      "passes": [],
      "failures": [],
      "pending": [],
      "skipped": [],
      "duration": 0,
      "root": true,
      "rootEmpty": true,
      "_timeout": 2000
    }
  ],
  "meta": {
    "mocha": {
      "version": "7.0.1"
    },
    "mochawesome": {
      "options": {
        "quiet": true,
        "reportFilename": "mochawesome",
        "saveHtml": true,
        "saveJson": true,
        "consoleReporter": "spec",
        "useInlineDiffs": false,
        "code": true
      },
      "version": "7.1.3"
    },
    "marge": {
      "options": {
        "id": "default",
        "reportDir": "cypress/reports/mocha",
        "quiet": true,
        "overwrite": false,
        "html": true,
        "json": true
      },
      "version": "6.2.0"
    }
  }
}